<?xml version="1.0" encoding="UTF-8"?>
<!-- Generated by org.testng.reporters.JUnitReportReporter -->
<testsuite skipped="0" hostname="DESKTOP-DQ97PS0" name="swaggerApiTestScript.putRequest" tests="1" failures="0" timestamp="17 Jun 2021 22:05:04 GMT" time="0.268" errors="0">
  <testcase name="main" time="0.268" classname="swaggerApiTestScript.putRequest"/>
</testsuite> <!-- swaggerApiTestScript.putRequest -->
