<?xml version="1.0" encoding="UTF-8"?>
<!-- Generated by org.testng.reporters.JUnitReportReporter -->
<testsuite skipped="0" hostname="DESKTOP-DQ97PS0" name="StripeApitestingScript.getRequest" tests="5" failures="0" timestamp="18 Jun 2021 12:14:48 GMT" time="6.105" errors="0">
  <testcase name="getRequest" time="0.557" classname="StripeApitestingScript.getRequest"/>
  <testcase name="getRequest" time="3.896" classname="StripeApitestingScript.getRequest"/>
  <testcase name="getRequest" time="0.558" classname="StripeApitestingScript.getRequest"/>
  <testcase name="getRequest" time="0.546" classname="StripeApitestingScript.getRequest"/>
  <testcase name="getRequest" time="0.548" classname="StripeApitestingScript.getRequest"/>
</testsuite> <!-- StripeApitestingScript.getRequest -->
