<?xml version="1.0" encoding="UTF-8"?>
<!-- Generated by org.testng.reporters.JUnitReportReporter -->
<testsuite skipped="0" hostname="DESKTOP-DQ97PS0" name="hjjhh.ggggg" tests="1" failures="0" timestamp="17 Jun 2021 15:58:50 GMT" time="5.141" errors="0">
  <testcase name="main" time="5.141" classname="hjjhh.ggggg"/>
</testsuite> <!-- hjjhh.ggggg -->
