<?xml version="1.0" encoding="UTF-8"?>
<!-- Generated by org.testng.reporters.JUnitReportReporter -->
<testsuite skipped="0" hostname="DESKTOP-DQ97PS0" name="StripeApitestingScript.postRequest" tests="5" failures="0" timestamp="18 Jun 2021 12:14:48 GMT" time="3.026" errors="0">
  <testcase name="postRequest" time="0.734" classname="StripeApitestingScript.postRequest"/>
  <testcase name="postRequest" time="0.595" classname="StripeApitestingScript.postRequest"/>
  <testcase name="postRequest" time="0.568" classname="StripeApitestingScript.postRequest"/>
  <testcase name="postRequest" time="0.535" classname="StripeApitestingScript.postRequest"/>
  <testcase name="postRequest" time="0.594" classname="StripeApitestingScript.postRequest"/>
</testsuite> <!-- StripeApitestingScript.postRequest -->
