<?xml version="1.0" encoding="UTF-8"?>
<!-- Generated by org.testng.reporters.JUnitReportReporter -->
<testsuite skipped="0" hostname="DESKTOP-DQ97PS0" name="swaggerApiTestScript.postRequest" tests="1" failures="0" timestamp="17 Jun 2021 22:05:05 GMT" time="3.768" errors="0">
  <testcase name="main" time="3.768" classname="swaggerApiTestScript.postRequest"/>
</testsuite> <!-- swaggerApiTestScript.postRequest -->
