<?xml version="1.0" encoding="UTF-8"?>
<!-- Generated by org.testng.reporters.JUnitReportReporter -->
<testsuite skipped="0" hostname="DESKTOP-DQ97PS0" name="ExcelUtils.fgffgf" tests="1" failures="0" timestamp="18 Jun 2021 09:06:22 GMT" time="1.502" errors="0">
  <testcase name="getExceldata" time="1.502" classname="ExcelUtils.fgffgf"/>
</testsuite> <!-- ExcelUtils.fgffgf -->
